2021-07-23 20:37:10,527 - inside sum function
2021-07-23 20:37:10,527 - user inputs(1, 2, 3, 4, 5, 6, 7, 8, 9, 10)
2021-07-23 20:53:48,927 - This is start of the program
2021-07-23 20:53:56,538 - User has entered: [123]
2021-07-23 20:53:56,538 - Please check the log for more information
2021-07-23 20:54:02,126 - This is start of the program
2021-07-23 20:54:04,648 - User has entered: [123]
2021-07-23 20:54:04,648 - Please check the log for more information
2021-07-23 20:54:07,981 - This is start of the program
2021-07-23 20:54:16,222 - This is start of the program
2021-07-23 20:54:26,606 - This is start of the program
2021-07-23 20:54:34,677 - User has entered: [123]
2021-07-23 20:54:34,677 - Please check the log for more information
2021-07-23 20:54:49,131 - This is start of the program
2021-07-23 20:54:53,014 - User has entered: [1, 2, 3, 4]
2021-07-23 20:54:53,014 - Please check the log for more information
2021-07-23 20:59:15,551 - this is my first test code for log
2021-07-23 20:59:15,551 - this is info for logger one 
2021-07-23 20:59:15,552 - this is info for logger two 
2021-07-23 20:59:19,760 - this is my first test code for log
2021-07-23 20:59:19,762 - this is info for logger one 
2021-07-23 20:59:19,764 - this is info for logger two 
2021-07-23 20:59:21,775 - this is my first test code for log
2021-07-23 20:59:21,776 - this is info for logger one 
2021-07-23 20:59:21,778 - this is info for logger two 
2021-07-23 21:02:11,149 - main log
2021-07-23 21:02:11,155 - this is from user1 info
